<?xml version="1.0" encoding="UTF-8"?>
<!-- Generated by org.testng.reporters.JUnitReportReporter -->
<testsuite hostname="DESKTOP-SLGF53B" failures="0" tests="1" name="Selenium_Project.SeleniumProject1.TC6_LoginAddcomment" time="33.987" errors="0" timestamp="2023-03-03T16:16:56 GMT" skipped="0">
  <testcase classname="Selenium_Project.SeleniumProject1.TC6_LoginAddcomment" name="TestCase" time="33.987"/>
  <system-out/>
</testsuite> <!-- Selenium_Project.SeleniumProject1.TC6_LoginAddcomment -->
