<?xml version="1.0" encoding="UTF-8"?>
<!-- Generated by org.testng.reporters.JUnitReportReporter -->
<testsuite hostname="DESKTOP-SLGF53B" failures="0" tests="1" name="org.testing.testscripts.TC5_LoginPlaySubscribe" time="24.901" errors="0" timestamp="2023-03-08T13:40:49 GMT" skipped="0">
  <testcase classname="org.testing.testscripts.TC5_LoginPlaySubscribe" name="TestCase" time="24.901"/>
  <system-out/>
</testsuite> <!-- org.testing.testscripts.TC5_LoginPlaySubscribe -->
