<?xml version="1.0" encoding="UTF-8"?>
<!-- Generated by org.testng.reporters.JUnitReportReporter -->
<testsuite hostname="DESKTOP-SLGF53B" failures="0" tests="1" name="org.testing.testscripts.TestingExcel" time="0.096" errors="0" timestamp="2023-03-12T10:51:56 GMT" skipped="0">
  <testcase classname="org.testing.testscripts.TestingExcel" name="TestCasetestexcel" time="0.096"/>
  <system-out/>
</testsuite> <!-- org.testing.testscripts.TestingExcel -->
