<?xml version="1.0" encoding="UTF-8"?>
<!-- Generated by org.testng.reporters.JUnitReportReporter -->
<testsuite hostname="DESKTOP-SLGF53B" failures="0" tests="1" name="org.testing.testscripts.TC2_LoginHistory" time="28.314" errors="0" timestamp="2023-03-16T12:51:34 GMT" skipped="0">
  <testcase classname="org.testing.testscripts.TC2_LoginHistory" name="TestCase" time="28.314"/>
  <system-out/>
</testsuite> <!-- org.testing.testscripts.TC2_LoginHistory -->
