<?xml version="1.0" encoding="UTF-8"?>
<!-- Generated by org.testng.reporters.JUnitReportReporter -->
<testsuite hostname="DESKTOP-SLGF53B" failures="0" tests="1" name="Selenium_Project.SeleniumProject1.TC8_LoginLibrary" time="18.960" errors="0" timestamp="2023-02-27T12:29:15 GMT" skipped="0">
  <testcase classname="Selenium_Project.SeleniumProject1.TC8_LoginLibrary" name="TestCase" time="18.960"/>
  <system-out/>
</testsuite> <!-- Selenium_Project.SeleniumProject1.TC8_LoginLibrary -->
