<?xml version="1.0" encoding="UTF-8"?>
<!-- Generated by org.testng.reporters.JUnitReportReporter -->
<testsuite hostname="DESKTOP-SLGF53B" failures="0" tests="1" name="org.testing.testscripts.TC8_LoginLibrary" time="24.707" errors="0" timestamp="2023-03-21T17:19:10 GMT" skipped="0">
  <testcase classname="org.testing.testscripts.TC8_LoginLibrary" name="TestCase" time="24.707"/>
  <system-out/>
</testsuite> <!-- org.testing.testscripts.TC8_LoginLibrary -->
