<?xml version="1.0" encoding="UTF-8"?>
<!-- Generated by org.testng.reporters.JUnitReportReporter -->
<testsuite hostname="DESKTOP-SLGF53B" failures="0" tests="1" name="org.testing.testscripts.TC1_LoginTrending" time="25.653" errors="0" timestamp="2023-03-16T12:58:47 GMT" skipped="0">
  <testcase classname="org.testing.testscripts.TC1_LoginTrending" name="TestCase" time="25.653"/>
  <system-out/>
</testsuite> <!-- org.testing.testscripts.TC1_LoginTrending -->
