<?xml version="1.0" encoding="UTF-8"?>
<!-- Generated by org.testng.reporters.JUnitReportReporter -->
<testsuite hostname="DESKTOP-SLGF53B" failures="0" tests="1" name="Selenium_Project.SeleniumProject1.TC6_LoginWatchlater" time="18.409" errors="0" timestamp="2023-02-27T12:09:25 GMT" skipped="0">
  <testcase classname="Selenium_Project.SeleniumProject1.TC6_LoginWatchlater" name="TestCase" time="18.409"/>
  <system-out/>
</testsuite> <!-- Selenium_Project.SeleniumProject1.TC6_LoginWatchlater -->
