<?xml version="1.0" encoding="UTF-8"?>
<!-- Generated by org.testng.reporters.JUnitReportReporter -->
<testsuite hostname="DESKTOP-SLGF53B" failures="0" tests="1" name="Selenium_Project.SeleniumProject1.TestNGPractice" time="16.557" errors="0" timestamp="2023-02-23T13:57:10 GMT" skipped="0">
  <testcase classname="Selenium_Project.SeleniumProject1.TestNGPractice" name="TestCase" time="16.557"/>
  <system-out/>
</testsuite> <!-- Selenium_Project.SeleniumProject1.TestNGPractice -->
