<?xml version="1.0" encoding="UTF-8"?>
<!-- Generated by org.testng.reporters.JUnitReportReporter -->
<testsuite hostname="DESKTOP-SLGF53B" failures="0" tests="1" name="org.testing.testscripts.TC3_LoginSubscriptions" time="22.364" errors="0" timestamp="2023-03-08T13:35:08 GMT" skipped="0">
  <testcase classname="org.testing.testscripts.TC3_LoginSubscriptions" name="TestCase" time="22.364"/>
  <system-out/>
</testsuite> <!-- org.testing.testscripts.TC3_LoginSubscriptions -->
