<?xml version="1.0" encoding="UTF-8"?>
<!-- Generated by org.testng.reporters.JUnitReportReporter -->
<testsuite hostname="DESKTOP-SLGF53B" failures="0" tests="1" name="org.testing.testscripts.TC7_LoginWatchlater" time="20.709" errors="0" timestamp="2023-03-10T16:14:43 GMT" skipped="0">
  <testcase classname="org.testing.testscripts.TC7_LoginWatchlater" name="TestCase" time="20.709"/>
  <system-out/>
</testsuite> <!-- org.testing.testscripts.TC7_LoginWatchlater -->
