<?xml version="1.0" encoding="UTF-8"?>
<!-- Generated by org.testng.reporters.JUnitReportReporter -->
<testsuite hostname="DESKTOP-SLGF53B" failures="0" tests="1" name="Selenium_Project.SeleniumProject1.Sample" time="0.009" errors="0" timestamp="2023-02-19T07:43:05 GMT" skipped="0">
  <testcase classname="Selenium_Project.SeleniumProject1.Sample" name="test" time="0.009"/>
  <system-out/>
</testsuite> <!-- Selenium_Project.SeleniumProject1.Sample -->
