<?xml version="1.0" encoding="UTF-8"?>
<!-- Generated by org.testng.reporters.JUnitReportReporter -->
<testsuite hostname="DESKTOP-SLGF53B" failures="0" tests="1" name="org.testing.testscripts.TC4_LoginPlayLike" time="29.983" errors="0" timestamp="2023-03-16T12:58:47 GMT" skipped="0">
  <testcase classname="org.testing.testscripts.TC4_LoginPlayLike" name="TestCase" time="29.983"/>
  <system-out/>
</testsuite> <!-- org.testing.testscripts.TC4_LoginPlayLike -->
