<?xml version="1.0" encoding="UTF-8"?>
<!-- Generated by org.testng.reporters.JUnitReportReporter -->
<testsuite hostname="DESKTOP-SLGF53B" failures="0" tests="1" name="Selenium_Project.SeleniumProject1.TC2_LoginHistory" time="18.563" errors="0" timestamp="2023-02-23T22:36:26 GMT" skipped="0">
  <testcase classname="Selenium_Project.SeleniumProject1.TC2_LoginHistory" name="TestCase" time="18.563"/>
  <system-out/>
</testsuite> <!-- Selenium_Project.SeleniumProject1.TC2_LoginHistory -->
